{"/Users/Dan/Desktop/kinesis-write-stream/index.js":{"path":"/Users/Dan/Desktop/kinesis-write-stream/index.js","s":{"1":1,"2":1,"3":1,"4":12,"5":11,"6":10,"7":10,"8":10,"9":10,"10":10,"11":10,"12":10,"13":10,"14":10,"15":10,"16":9,"17":1,"18":32,"19":1,"20":12,"21":0,"22":12,"23":12,"24":12,"25":3,"26":9,"27":0,"28":9,"29":5,"30":0,"31":5,"32":5,"33":20,"34":10,"35":0,"36":10,"37":5,"38":5,"39":4,"40":4,"41":1,"42":7,"43":1,"44":6,"45":6,"46":1,"47":22,"48":0,"49":22,"50":22,"51":2,"52":20,"53":1},"b":{"1":[10,0],"2":[10,10],"3":[10,0],"4":[10,10],"5":[10,10],"6":[0,12],"7":[3,9],"8":[0,9],"9":[5,4],"10":[0,5],"11":[10,10],"12":[0,10],"13":[1,6],"14":[0,22],"15":[2,20]},"f":{"1":12,"2":32,"3":12,"4":12,"5":20,"6":7,"7":22},"fnMap":{"1":{"name":"FirehoseWritable","line":25,"loc":{"start":{"line":25,"column":0},"end":{"line":25,"column":55}}},"2":{"name":"transformRecord","line":55,"loc":{"start":{"line":55,"column":45},"end":{"line":55,"column":78}}},"3":{"name":"writeRecords","line":67,"loc":{"start":{"line":67,"column":42},"end":{"line":67,"column":74}}},"4":{"name":"(anonymous_4)","line":77,"loc":{"start":{"line":77,"column":7},"end":{"line":77,"column":31}}},"5":{"name":"(anonymous_5)","line":95,"loc":{"start":{"line":95,"column":46},"end":{"line":95,"column":70}}},"6":{"name":"_flush","line":123,"loc":{"start":{"line":123,"column":36},"end":{"line":123,"column":62}}},"7":{"name":"_write","line":145,"loc":{"start":{"line":145,"column":36},"end":{"line":145,"column":75}}}},"statementMap":{"1":{"start":{"line":3,"column":0},"end":{"line":6,"column":45}},"2":{"start":{"line":8,"column":0},"end":{"line":8,"column":47}},"3":{"start":{"line":25,"column":0},"end":{"line":46,"column":1}},"4":{"start":{"line":26,"column":4},"end":{"line":26,"column":41}},"5":{"start":{"line":27,"column":4},"end":{"line":27,"column":49}},"6":{"start":{"line":29,"column":4},"end":{"line":29,"column":28}},"7":{"start":{"line":30,"column":4},"end":{"line":30,"column":30}},"8":{"start":{"line":32,"column":4},"end":{"line":32,"column":38}},"9":{"start":{"line":34,"column":4},"end":{"line":34,"column":25}},"10":{"start":{"line":35,"column":4},"end":{"line":35,"column":33}},"11":{"start":{"line":36,"column":4},"end":{"line":36,"column":41}},"12":{"start":{"line":37,"column":4},"end":{"line":37,"column":53}},"13":{"start":{"line":38,"column":4},"end":{"line":38,"column":46}},"14":{"start":{"line":39,"column":4},"end":{"line":39,"column":45}},"15":{"start":{"line":43,"column":4},"end":{"line":43,"column":66}},"16":{"start":{"line":45,"column":4},"end":{"line":45,"column":20}},"17":{"start":{"line":55,"column":0},"end":{"line":59,"column":2}},"18":{"start":{"line":56,"column":4},"end":{"line":58,"column":6}},"19":{"start":{"line":67,"column":0},"end":{"line":114,"column":2}},"20":{"start":{"line":68,"column":4},"end":{"line":70,"column":5}},"21":{"start":{"line":69,"column":8},"end":{"line":69,"column":79}},"22":{"start":{"line":72,"column":4},"end":{"line":72,"column":66}},"23":{"start":{"line":74,"column":4},"end":{"line":113,"column":18}},"24":{"start":{"line":78,"column":8},"end":{"line":80,"column":9}},"25":{"start":{"line":79,"column":12},"end":{"line":79,"column":33}},"26":{"start":{"line":82,"column":8},"end":{"line":85,"column":9}},"27":{"start":{"line":83,"column":12},"end":{"line":84,"column":58}},"28":{"start":{"line":87,"column":8},"end":{"line":108,"column":9}},"29":{"start":{"line":88,"column":12},"end":{"line":91,"column":13}},"30":{"start":{"line":89,"column":16},"end":{"line":90,"column":45}},"31":{"start":{"line":93,"column":12},"end":{"line":93,"column":35}},"32":{"start":{"line":95,"column":12},"end":{"line":103,"column":26}},"33":{"start":{"line":96,"column":16},"end":{"line":102,"column":17}},"34":{"start":{"line":97,"column":20},"end":{"line":99,"column":21}},"35":{"start":{"line":98,"column":24},"end":{"line":98,"column":96}},"36":{"start":{"line":101,"column":20},"end":{"line":101,"column":58}},"37":{"start":{"line":105,"column":12},"end":{"line":105,"column":39}},"38":{"start":{"line":107,"column":12},"end":{"line":107,"column":95}},"39":{"start":{"line":110,"column":8},"end":{"line":110,"column":24}},"40":{"start":{"line":112,"column":8},"end":{"line":112,"column":19}},"41":{"start":{"line":123,"column":0},"end":{"line":134,"column":2}},"42":{"start":{"line":124,"column":4},"end":{"line":126,"column":5}},"43":{"start":{"line":125,"column":8},"end":{"line":125,"column":26}},"44":{"start":{"line":128,"column":4},"end":{"line":131,"column":7}},"45":{"start":{"line":133,"column":4},"end":{"line":133,"column":50}},"46":{"start":{"line":145,"column":0},"end":{"line":157,"column":2}},"47":{"start":{"line":146,"column":4},"end":{"line":148,"column":5}},"48":{"start":{"line":147,"column":8},"end":{"line":147,"column":74}},"49":{"start":{"line":150,"column":4},"end":{"line":150,"column":28}},"50":{"start":{"line":152,"column":4},"end":{"line":154,"column":5}},"51":{"start":{"line":153,"column":8},"end":{"line":153,"column":37}},"52":{"start":{"line":156,"column":4},"end":{"line":156,"column":15}},"53":{"start":{"line":159,"column":0},"end":{"line":159,"column":34}}},"branchMap":{"1":{"line":29,"type":"binary-expr","locations":[{"start":{"line":29,"column":14},"end":{"line":29,"column":21}},{"start":{"line":29,"column":25},"end":{"line":29,"column":27}}]},"2":{"line":36,"type":"binary-expr","locations":[{"start":{"line":36,"column":18},"end":{"line":36,"column":32}},{"start":{"line":36,"column":36},"end":{"line":36,"column":40}}]},"3":{"line":37,"type":"binary-expr","locations":[{"start":{"line":37,"column":25},"end":{"line":37,"column":46}},{"start":{"line":37,"column":50},"end":{"line":37,"column":52}}]},"4":{"line":38,"type":"binary-expr","locations":[{"start":{"line":38,"column":22},"end":{"line":38,"column":40}},{"start":{"line":38,"column":44},"end":{"line":38,"column":45}}]},"5":{"line":39,"type":"binary-expr","locations":[{"start":{"line":39,"column":21},"end":{"line":39,"column":38}},{"start":{"line":39,"column":42},"end":{"line":39,"column":44}}]},"6":{"line":68,"type":"if","locations":[{"start":{"line":68,"column":4},"end":{"line":68,"column":4}},{"start":{"line":68,"column":4},"end":{"line":68,"column":4}}]},"7":{"line":78,"type":"if","locations":[{"start":{"line":78,"column":8},"end":{"line":78,"column":8}},{"start":{"line":78,"column":8},"end":{"line":78,"column":8}}]},"8":{"line":82,"type":"if","locations":[{"start":{"line":82,"column":8},"end":{"line":82,"column":8}},{"start":{"line":82,"column":8},"end":{"line":82,"column":8}}]},"9":{"line":87,"type":"if","locations":[{"start":{"line":87,"column":8},"end":{"line":87,"column":8}},{"start":{"line":87,"column":8},"end":{"line":87,"column":8}}]},"10":{"line":88,"type":"if","locations":[{"start":{"line":88,"column":12},"end":{"line":88,"column":12}},{"start":{"line":88,"column":12},"end":{"line":88,"column":12}}]},"11":{"line":96,"type":"if","locations":[{"start":{"line":96,"column":16},"end":{"line":96,"column":16}},{"start":{"line":96,"column":16},"end":{"line":96,"column":16}}]},"12":{"line":97,"type":"if","locations":[{"start":{"line":97,"column":20},"end":{"line":97,"column":20}},{"start":{"line":97,"column":20},"end":{"line":97,"column":20}}]},"13":{"line":124,"type":"if","locations":[{"start":{"line":124,"column":4},"end":{"line":124,"column":4}},{"start":{"line":124,"column":4},"end":{"line":124,"column":4}}]},"14":{"line":146,"type":"if","locations":[{"start":{"line":146,"column":4},"end":{"line":146,"column":4}},{"start":{"line":146,"column":4},"end":{"line":146,"column":4}}]},"15":{"line":152,"type":"if","locations":[{"start":{"line":152,"column":4},"end":{"line":152,"column":4}},{"start":{"line":152,"column":4},"end":{"line":152,"column":4}}]}}}}