TN:
SF:/Users/Dan/Desktop/kinesis-write-stream/index.js
FN:25,FirehoseWritable
FN:55,transformRecord
FN:67,writeRecords
FN:77,(anonymous_4)
FN:95,(anonymous_5)
FN:123,_flush
FN:145,_write
FNF:7
FNH:7
FNDA:12,FirehoseWritable
FNDA:32,transformRecord
FNDA:12,writeRecords
FNDA:12,(anonymous_4)
FNDA:20,(anonymous_5)
FNDA:7,_flush
FNDA:22,_write
DA:3,1
DA:8,1
DA:25,1
DA:26,12
DA:27,11
DA:29,10
DA:30,10
DA:32,10
DA:34,10
DA:35,10
DA:36,10
DA:37,10
DA:38,10
DA:39,10
DA:43,10
DA:45,9
DA:55,1
DA:56,32
DA:67,1
DA:68,12
DA:69,0
DA:72,12
DA:74,12
DA:78,12
DA:79,3
DA:82,9
DA:83,0
DA:87,9
DA:88,5
DA:89,0
DA:93,5
DA:95,5
DA:96,20
DA:97,10
DA:98,0
DA:101,10
DA:105,5
DA:107,5
DA:110,4
DA:112,4
DA:123,1
DA:124,7
DA:125,1
DA:128,6
DA:133,6
DA:145,1
DA:146,22
DA:147,0
DA:150,22
DA:152,22
DA:153,2
DA:156,20
DA:159,1
LF:53
LH:48
BRDA:29,1,0,10
BRDA:29,1,1,0
BRDA:36,2,0,10
BRDA:36,2,1,10
BRDA:37,3,0,10
BRDA:37,3,1,0
BRDA:38,4,0,10
BRDA:38,4,1,10
BRDA:39,5,0,10
BRDA:39,5,1,10
BRDA:68,6,0,0
BRDA:68,6,1,12
BRDA:78,7,0,3
BRDA:78,7,1,9
BRDA:82,8,0,0
BRDA:82,8,1,9
BRDA:87,9,0,5
BRDA:87,9,1,4
BRDA:88,10,0,0
BRDA:88,10,1,5
BRDA:96,11,0,10
BRDA:96,11,1,10
BRDA:97,12,0,0
BRDA:97,12,1,10
BRDA:124,13,0,1
BRDA:124,13,1,6
BRDA:146,14,0,0
BRDA:146,14,1,22
BRDA:152,15,0,2
BRDA:152,15,1,20
BRF:30
BRH:23
end_of_record
